30-Jan-2024 03:37:26.361 INFO [main] org.apache.catalina.startup.VersionLoggerListener.log Имя версии сервера:    Apache Tomcat/10.1.18
30-Jan-2024 03:37:26.378 INFO [main] org.apache.catalina.startup.VersionLoggerListener.log Сервер собран:         Jan 5 2024 14:39:40 UTC
30-Jan-2024 03:37:26.379 INFO [main] org.apache.catalina.startup.VersionLoggerListener.log Номер версии сервера:  10.1.18.0
30-Jan-2024 03:37:26.379 INFO [main] org.apache.catalina.startup.VersionLoggerListener.log OS Name:               Mac OS X
30-Jan-2024 03:37:26.380 INFO [main] org.apache.catalina.startup.VersionLoggerListener.log Версия ОС:             13.5.2
30-Jan-2024 03:37:26.381 INFO [main] org.apache.catalina.startup.VersionLoggerListener.log Архитектура:           x86_64
30-Jan-2024 03:37:26.382 INFO [main] org.apache.catalina.startup.VersionLoggerListener.log Java Home:             /Users/alim/Library/Java/JavaVirtualMachines/corretto-17.0.9/Contents/Home
30-Jan-2024 03:37:26.382 INFO [main] org.apache.catalina.startup.VersionLoggerListener.log Версия JVM:            17.0.9+8-LTS
30-Jan-2024 03:37:26.382 INFO [main] org.apache.catalina.startup.VersionLoggerListener.log Производитель JVM:     Amazon.com Inc.
30-Jan-2024 03:37:26.384 INFO [main] org.apache.catalina.startup.VersionLoggerListener.log CATALINA_BASE:         /Users/alim/Desktop/currency-exchange/src/main/webapp
30-Jan-2024 03:37:26.384 INFO [main] org.apache.catalina.startup.VersionLoggerListener.log CATALINA_HOME:         /Users/alim/Desktop/apache-tomcat-10.1.18
30-Jan-2024 03:37:26.418 INFO [main] org.apache.catalina.startup.VersionLoggerListener.log Command line argument: --add-opens=java.base/java.lang=ALL-UNNAMED
30-Jan-2024 03:37:26.418 INFO [main] org.apache.catalina.startup.VersionLoggerListener.log Command line argument: --add-opens=java.base/java.io=ALL-UNNAMED
30-Jan-2024 03:37:26.418 INFO [main] org.apache.catalina.startup.VersionLoggerListener.log Command line argument: --add-opens=java.base/java.util=ALL-UNNAMED
30-Jan-2024 03:37:26.419 INFO [main] org.apache.catalina.startup.VersionLoggerListener.log Command line argument: --add-opens=java.base/java.util.concurrent=ALL-UNNAMED
30-Jan-2024 03:37:26.419 INFO [main] org.apache.catalina.startup.VersionLoggerListener.log Command line argument: --add-opens=java.rmi/sun.rmi.transport=ALL-UNNAMED
30-Jan-2024 03:37:26.419 INFO [main] org.apache.catalina.startup.VersionLoggerListener.log Command line argument: -Dcatalina.home=/Users/alim/Desktop/apache-tomcat-10.1.18
30-Jan-2024 03:37:26.419 INFO [main] org.apache.catalina.startup.VersionLoggerListener.log Command line argument: -Dcatalina.base=/Users/alim/Desktop/currency-exchange/src/main/webapp
30-Jan-2024 03:37:26.420 INFO [main] org.apache.catalina.startup.VersionLoggerListener.log Command line argument: -Djava.io.tmpdir=/Users/alim/Desktop/currency-exchange/src/main/webapp/temp
30-Jan-2024 03:37:26.421 INFO [main] org.apache.catalina.startup.VersionLoggerListener.log Command line argument: -Djava.util.logging.config.file=/Users/alim/Desktop/currency-exchange/src/main/webapp/conf/logging.properties
30-Jan-2024 03:37:26.421 INFO [main] org.apache.catalina.startup.VersionLoggerListener.log Command line argument: -Djava.util.logging.manager=org.apache.juli.ClassLoaderLogManager
30-Jan-2024 03:37:26.421 INFO [main] org.apache.catalina.startup.VersionLoggerListener.log Command line argument: -javaagent:/Applications/IntelliJ IDEA.app/Contents/lib/idea_rt.jar=59568:/Applications/IntelliJ IDEA.app/Contents/bin
30-Jan-2024 03:37:26.421 INFO [main] org.apache.catalina.startup.VersionLoggerListener.log Command line argument: -Dfile.encoding=UTF-8
30-Jan-2024 03:37:26.436 INFO [main] org.apache.catalina.core.AprLifecycleListener.lifecycleEvent The Apache Tomcat Native library which allows using OpenSSL was not found on the java.library.path: [/Users/alim/Library/Java/Extensions:/Library/Java/Extensions:/Network/Library/Java/Extensions:/System/Library/Java/Extensions:/usr/lib/java:.]
30-Jan-2024 03:37:27.225 INFO [main] org.apache.coyote.AbstractProtocol.init Инициализация ProtocolHandler ["http-nio-8080"]
30-Jan-2024 03:37:27.286 INFO [main] org.apache.catalina.startup.Catalina.load Server initialization in [1327] milliseconds
30-Jan-2024 03:37:27.378 INFO [main] org.apache.catalina.core.StandardService.startInternal Starting service [Catalina]
30-Jan-2024 03:37:27.379 INFO [main] org.apache.catalina.core.StandardEngine.startInternal Starting Servlet engine: [Apache Tomcat/10.1.18]
30-Jan-2024 03:37:27.401 INFO [main] org.apache.catalina.startup.HostConfig.deployDescriptor Deploying deployment descriptor [/Users/alim/Desktop/currency-exchange/src/main/webapp/conf/Catalina/localhost/CurrencyExchange.xml]
30-Jan-2024 03:37:28.886 INFO [main] org.apache.jasper.servlet.TldScanner.scanJars At least one JAR was scanned for TLDs yet contained no TLDs. Enable debug logging for this logger for a complete list of JARs that were scanned but no TLDs were found in them. Skipping unneeded JARs during scanning can improve startup time and JSP compilation time.
30-Jan-2024 03:37:30.667 INFO [main] org.apache.catalina.startup.HostConfig.deployDescriptor Deployment of deployment descriptor [/Users/alim/Desktop/currency-exchange/src/main/webapp/conf/Catalina/localhost/CurrencyExchange.xml] has finished in [3 264] ms
30-Jan-2024 03:37:30.673 INFO [main] org.apache.coyote.AbstractProtocol.start Starting ProtocolHandler ["http-nio-8080"]
30-Jan-2024 03:37:30.700 INFO [main] org.apache.catalina.startup.Catalina.start Server startup in [3413] milliseconds
30-Jan-2024 03:38:23.064 INFO [Thread-1] org.apache.coyote.AbstractProtocol.pause Pausing ProtocolHandler ["http-nio-8080"]
30-Jan-2024 03:38:23.078 INFO [Thread-1] org.apache.catalina.core.StandardService.stopInternal Stopping service [Catalina]
30-Jan-2024 03:38:23.113 WARNING [Thread-1] org.apache.catalina.loader.WebappClassLoaderBase.clearReferencesJdbc The web application [CurrencyExchange] registered the JDBC driver [org.sqlite.JDBC] but failed to unregister it when the web application was stopped. To prevent a memory leak, the JDBC Driver has been forcibly unregistered.
30-Jan-2024 03:38:23.125 INFO [Thread-1] org.apache.coyote.AbstractProtocol.stop Stopping ProtocolHandler ["http-nio-8080"]
30-Jan-2024 03:38:23.143 INFO [Thread-1] org.apache.coyote.AbstractProtocol.destroy Destroying ProtocolHandler ["http-nio-8080"]
30-Jan-2024 03:38:29.320 INFO [main] org.apache.catalina.startup.VersionLoggerListener.log Имя версии сервера:    Apache Tomcat/10.1.18
30-Jan-2024 03:38:29.336 INFO [main] org.apache.catalina.startup.VersionLoggerListener.log Сервер собран:         Jan 5 2024 14:39:40 UTC
30-Jan-2024 03:38:29.337 INFO [main] org.apache.catalina.startup.VersionLoggerListener.log Номер версии сервера:  10.1.18.0
30-Jan-2024 03:38:29.338 INFO [main] org.apache.catalina.startup.VersionLoggerListener.log OS Name:               Mac OS X
30-Jan-2024 03:38:29.338 INFO [main] org.apache.catalina.startup.VersionLoggerListener.log Версия ОС:             13.5.2
30-Jan-2024 03:38:29.339 INFO [main] org.apache.catalina.startup.VersionLoggerListener.log Архитектура:           x86_64
30-Jan-2024 03:38:29.339 INFO [main] org.apache.catalina.startup.VersionLoggerListener.log Java Home:             /Users/alim/Library/Java/JavaVirtualMachines/corretto-17.0.9/Contents/Home
30-Jan-2024 03:38:29.339 INFO [main] org.apache.catalina.startup.VersionLoggerListener.log Версия JVM:            17.0.9+8-LTS
30-Jan-2024 03:38:29.340 INFO [main] org.apache.catalina.startup.VersionLoggerListener.log Производитель JVM:     Amazon.com Inc.
30-Jan-2024 03:38:29.341 INFO [main] org.apache.catalina.startup.VersionLoggerListener.log CATALINA_BASE:         /Users/alim/Desktop/currency-exchange/src/main/webapp
30-Jan-2024 03:38:29.341 INFO [main] org.apache.catalina.startup.VersionLoggerListener.log CATALINA_HOME:         /Users/alim/Desktop/apache-tomcat-10.1.18
30-Jan-2024 03:38:29.362 INFO [main] org.apache.catalina.startup.VersionLoggerListener.log Command line argument: --add-opens=java.base/java.lang=ALL-UNNAMED
30-Jan-2024 03:38:29.362 INFO [main] org.apache.catalina.startup.VersionLoggerListener.log Command line argument: --add-opens=java.base/java.io=ALL-UNNAMED
30-Jan-2024 03:38:29.363 INFO [main] org.apache.catalina.startup.VersionLoggerListener.log Command line argument: --add-opens=java.base/java.util=ALL-UNNAMED
30-Jan-2024 03:38:29.363 INFO [main] org.apache.catalina.startup.VersionLoggerListener.log Command line argument: --add-opens=java.base/java.util.concurrent=ALL-UNNAMED
30-Jan-2024 03:38:29.363 INFO [main] org.apache.catalina.startup.VersionLoggerListener.log Command line argument: --add-opens=java.rmi/sun.rmi.transport=ALL-UNNAMED
30-Jan-2024 03:38:29.363 INFO [main] org.apache.catalina.startup.VersionLoggerListener.log Command line argument: -Dcatalina.home=/Users/alim/Desktop/apache-tomcat-10.1.18
30-Jan-2024 03:38:29.363 INFO [main] org.apache.catalina.startup.VersionLoggerListener.log Command line argument: -Dcatalina.base=/Users/alim/Desktop/currency-exchange/src/main/webapp
30-Jan-2024 03:38:29.363 INFO [main] org.apache.catalina.startup.VersionLoggerListener.log Command line argument: -Djava.io.tmpdir=/Users/alim/Desktop/currency-exchange/src/main/webapp/temp
30-Jan-2024 03:38:29.364 INFO [main] org.apache.catalina.startup.VersionLoggerListener.log Command line argument: -Djava.util.logging.config.file=/Users/alim/Desktop/currency-exchange/src/main/webapp/conf/logging.properties
30-Jan-2024 03:38:29.364 INFO [main] org.apache.catalina.startup.VersionLoggerListener.log Command line argument: -Djava.util.logging.manager=org.apache.juli.ClassLoaderLogManager
30-Jan-2024 03:38:29.364 INFO [main] org.apache.catalina.startup.VersionLoggerListener.log Command line argument: -javaagent:/Applications/IntelliJ IDEA.app/Contents/lib/idea_rt.jar=59894:/Applications/IntelliJ IDEA.app/Contents/bin
30-Jan-2024 03:38:29.364 INFO [main] org.apache.catalina.startup.VersionLoggerListener.log Command line argument: -Dfile.encoding=UTF-8
30-Jan-2024 03:38:29.379 INFO [main] org.apache.catalina.core.AprLifecycleListener.lifecycleEvent The Apache Tomcat Native library which allows using OpenSSL was not found on the java.library.path: [/Users/alim/Library/Java/Extensions:/Library/Java/Extensions:/Network/Library/Java/Extensions:/System/Library/Java/Extensions:/usr/lib/java:.]
30-Jan-2024 03:38:30.047 INFO [main] org.apache.coyote.AbstractProtocol.init Инициализация ProtocolHandler ["http-nio-8080"]
30-Jan-2024 03:38:30.106 INFO [main] org.apache.catalina.startup.Catalina.load Server initialization in [1146] milliseconds
30-Jan-2024 03:38:30.197 INFO [main] org.apache.catalina.core.StandardService.startInternal Starting service [Catalina]
30-Jan-2024 03:38:30.197 INFO [main] org.apache.catalina.core.StandardEngine.startInternal Starting Servlet engine: [Apache Tomcat/10.1.18]
30-Jan-2024 03:38:30.217 INFO [main] org.apache.catalina.startup.HostConfig.deployDescriptor Deploying deployment descriptor [/Users/alim/Desktop/currency-exchange/src/main/webapp/conf/Catalina/localhost/CurrencyExchange.xml]
30-Jan-2024 03:38:31.683 INFO [main] org.apache.jasper.servlet.TldScanner.scanJars At least one JAR was scanned for TLDs yet contained no TLDs. Enable debug logging for this logger for a complete list of JARs that were scanned but no TLDs were found in them. Skipping unneeded JARs during scanning can improve startup time and JSP compilation time.
30-Jan-2024 03:38:33.376 INFO [main] org.apache.catalina.startup.HostConfig.deployDescriptor Deployment of deployment descriptor [/Users/alim/Desktop/currency-exchange/src/main/webapp/conf/Catalina/localhost/CurrencyExchange.xml] has finished in [3 156] ms
30-Jan-2024 03:38:33.383 INFO [main] org.apache.coyote.AbstractProtocol.start Starting ProtocolHandler ["http-nio-8080"]
30-Jan-2024 03:38:33.406 INFO [main] org.apache.catalina.startup.Catalina.start Server startup in [3299] milliseconds
30-Jan-2024 03:42:26.209 INFO [Thread-1] org.apache.coyote.AbstractProtocol.pause Pausing ProtocolHandler ["http-nio-8080"]
30-Jan-2024 03:42:26.216 INFO [Thread-1] org.apache.catalina.core.StandardService.stopInternal Stopping service [Catalina]
30-Jan-2024 03:42:26.236 WARNING [Thread-1] org.apache.catalina.loader.WebappClassLoaderBase.clearReferencesJdbc The web application [CurrencyExchange] registered the JDBC driver [org.sqlite.JDBC] but failed to unregister it when the web application was stopped. To prevent a memory leak, the JDBC Driver has been forcibly unregistered.
30-Jan-2024 03:42:26.248 INFO [Thread-1] org.apache.coyote.AbstractProtocol.stop Stopping ProtocolHandler ["http-nio-8080"]
30-Jan-2024 03:42:26.260 INFO [Thread-1] org.apache.coyote.AbstractProtocol.destroy Destroying ProtocolHandler ["http-nio-8080"]
30-Jan-2024 04:07:10.161 INFO [main] org.apache.catalina.startup.VersionLoggerListener.log Имя версии сервера:    Apache Tomcat/10.1.18
30-Jan-2024 04:07:10.181 INFO [main] org.apache.catalina.startup.VersionLoggerListener.log Сервер собран:         Jan 5 2024 14:39:40 UTC
30-Jan-2024 04:07:10.182 INFO [main] org.apache.catalina.startup.VersionLoggerListener.log Номер версии сервера:  10.1.18.0
30-Jan-2024 04:07:10.183 INFO [main] org.apache.catalina.startup.VersionLoggerListener.log OS Name:               Mac OS X
30-Jan-2024 04:07:10.183 INFO [main] org.apache.catalina.startup.VersionLoggerListener.log Версия ОС:             13.5.2
30-Jan-2024 04:07:10.183 INFO [main] org.apache.catalina.startup.VersionLoggerListener.log Архитектура:           x86_64
30-Jan-2024 04:07:10.183 INFO [main] org.apache.catalina.startup.VersionLoggerListener.log Java Home:             /Users/alim/Library/Java/JavaVirtualMachines/corretto-17.0.9/Contents/Home
30-Jan-2024 04:07:10.184 INFO [main] org.apache.catalina.startup.VersionLoggerListener.log Версия JVM:            17.0.9+8-LTS
30-Jan-2024 04:07:10.184 INFO [main] org.apache.catalina.startup.VersionLoggerListener.log Производитель JVM:     Amazon.com Inc.
30-Jan-2024 04:07:10.185 INFO [main] org.apache.catalina.startup.VersionLoggerListener.log CATALINA_BASE:         /Users/alim/Desktop/currency-exchange/src/main/webapp
30-Jan-2024 04:07:10.185 INFO [main] org.apache.catalina.startup.VersionLoggerListener.log CATALINA_HOME:         /Users/alim/Desktop/apache-tomcat-10.1.18
30-Jan-2024 04:07:10.214 INFO [main] org.apache.catalina.startup.VersionLoggerListener.log Command line argument: --add-opens=java.base/java.lang=ALL-UNNAMED
30-Jan-2024 04:07:10.215 INFO [main] org.apache.catalina.startup.VersionLoggerListener.log Command line argument: --add-opens=java.base/java.io=ALL-UNNAMED
30-Jan-2024 04:07:10.215 INFO [main] org.apache.catalina.startup.VersionLoggerListener.log Command line argument: --add-opens=java.base/java.util=ALL-UNNAMED
30-Jan-2024 04:07:10.215 INFO [main] org.apache.catalina.startup.VersionLoggerListener.log Command line argument: --add-opens=java.base/java.util.concurrent=ALL-UNNAMED
30-Jan-2024 04:07:10.215 INFO [main] org.apache.catalina.startup.VersionLoggerListener.log Command line argument: --add-opens=java.rmi/sun.rmi.transport=ALL-UNNAMED
30-Jan-2024 04:07:10.215 INFO [main] org.apache.catalina.startup.VersionLoggerListener.log Command line argument: -Dcatalina.home=/Users/alim/Desktop/apache-tomcat-10.1.18
30-Jan-2024 04:07:10.216 INFO [main] org.apache.catalina.startup.VersionLoggerListener.log Command line argument: -Dcatalina.base=/Users/alim/Desktop/currency-exchange/src/main/webapp
30-Jan-2024 04:07:10.216 INFO [main] org.apache.catalina.startup.VersionLoggerListener.log Command line argument: -Djava.io.tmpdir=/Users/alim/Desktop/currency-exchange/src/main/webapp/temp
30-Jan-2024 04:07:10.216 INFO [main] org.apache.catalina.startup.VersionLoggerListener.log Command line argument: -Djava.util.logging.config.file=/Users/alim/Desktop/currency-exchange/src/main/webapp/conf/logging.properties
30-Jan-2024 04:07:10.216 INFO [main] org.apache.catalina.startup.VersionLoggerListener.log Command line argument: -Djava.util.logging.manager=org.apache.juli.ClassLoaderLogManager
30-Jan-2024 04:07:10.218 INFO [main] org.apache.catalina.startup.VersionLoggerListener.log Command line argument: -javaagent:/Applications/IntelliJ IDEA.app/Contents/lib/idea_rt.jar=52590:/Applications/IntelliJ IDEA.app/Contents/bin
30-Jan-2024 04:07:10.218 INFO [main] org.apache.catalina.startup.VersionLoggerListener.log Command line argument: -Dfile.encoding=UTF-8
30-Jan-2024 04:07:10.231 INFO [main] org.apache.catalina.core.AprLifecycleListener.lifecycleEvent The Apache Tomcat Native library which allows using OpenSSL was not found on the java.library.path: [/Users/alim/Library/Java/Extensions:/Library/Java/Extensions:/Network/Library/Java/Extensions:/System/Library/Java/Extensions:/usr/lib/java:.]
30-Jan-2024 04:07:16.942 INFO [main] org.apache.catalina.startup.VersionLoggerListener.log Имя версии сервера:    Apache Tomcat/10.1.18
30-Jan-2024 04:07:16.960 INFO [main] org.apache.catalina.startup.VersionLoggerListener.log Сервер собран:         Jan 5 2024 14:39:40 UTC
30-Jan-2024 04:07:16.961 INFO [main] org.apache.catalina.startup.VersionLoggerListener.log Номер версии сервера:  10.1.18.0
30-Jan-2024 04:07:16.961 INFO [main] org.apache.catalina.startup.VersionLoggerListener.log OS Name:               Mac OS X
30-Jan-2024 04:07:16.962 INFO [main] org.apache.catalina.startup.VersionLoggerListener.log Версия ОС:             13.5.2
30-Jan-2024 04:07:16.962 INFO [main] org.apache.catalina.startup.VersionLoggerListener.log Архитектура:           x86_64
30-Jan-2024 04:07:16.962 INFO [main] org.apache.catalina.startup.VersionLoggerListener.log Java Home:             /Users/alim/Library/Java/JavaVirtualMachines/corretto-17.0.9/Contents/Home
30-Jan-2024 04:07:16.962 INFO [main] org.apache.catalina.startup.VersionLoggerListener.log Версия JVM:            17.0.9+8-LTS
30-Jan-2024 04:07:16.962 INFO [main] org.apache.catalina.startup.VersionLoggerListener.log Производитель JVM:     Amazon.com Inc.
30-Jan-2024 04:07:16.962 INFO [main] org.apache.catalina.startup.VersionLoggerListener.log CATALINA_BASE:         /Users/alim/Desktop/currency-exchange/src/main/webapp
30-Jan-2024 04:07:16.963 INFO [main] org.apache.catalina.startup.VersionLoggerListener.log CATALINA_HOME:         /Users/alim/Desktop/apache-tomcat-10.1.18
30-Jan-2024 04:07:16.990 INFO [main] org.apache.catalina.startup.VersionLoggerListener.log Command line argument: --add-opens=java.base/java.lang=ALL-UNNAMED
30-Jan-2024 04:07:16.991 INFO [main] org.apache.catalina.startup.VersionLoggerListener.log Command line argument: --add-opens=java.base/java.io=ALL-UNNAMED
30-Jan-2024 04:07:16.992 INFO [main] org.apache.catalina.startup.VersionLoggerListener.log Command line argument: --add-opens=java.base/java.util=ALL-UNNAMED
30-Jan-2024 04:07:16.992 INFO [main] org.apache.catalina.startup.VersionLoggerListener.log Command line argument: --add-opens=java.base/java.util.concurrent=ALL-UNNAMED
30-Jan-2024 04:07:16.992 INFO [main] org.apache.catalina.startup.VersionLoggerListener.log Command line argument: --add-opens=java.rmi/sun.rmi.transport=ALL-UNNAMED
30-Jan-2024 04:07:16.992 INFO [main] org.apache.catalina.startup.VersionLoggerListener.log Command line argument: -Dcatalina.home=/Users/alim/Desktop/apache-tomcat-10.1.18
30-Jan-2024 04:07:16.993 INFO [main] org.apache.catalina.startup.VersionLoggerListener.log Command line argument: -Dcatalina.base=/Users/alim/Desktop/currency-exchange/src/main/webapp
30-Jan-2024 04:07:16.993 INFO [main] org.apache.catalina.startup.VersionLoggerListener.log Command line argument: -Djava.io.tmpdir=/Users/alim/Desktop/currency-exchange/src/main/webapp/temp
30-Jan-2024 04:07:16.994 INFO [main] org.apache.catalina.startup.VersionLoggerListener.log Command line argument: -Djava.util.logging.config.file=/Users/alim/Desktop/currency-exchange/src/main/webapp/conf/logging.properties
30-Jan-2024 04:07:16.994 INFO [main] org.apache.catalina.startup.VersionLoggerListener.log Command line argument: -Djava.util.logging.manager=org.apache.juli.ClassLoaderLogManager
30-Jan-2024 04:07:16.994 INFO [main] org.apache.catalina.startup.VersionLoggerListener.log Command line argument: -javaagent:/Applications/IntelliJ IDEA.app/Contents/lib/idea_rt.jar=52623:/Applications/IntelliJ IDEA.app/Contents/bin
30-Jan-2024 04:07:16.995 INFO [main] org.apache.catalina.startup.VersionLoggerListener.log Command line argument: -Dfile.encoding=UTF-8
30-Jan-2024 04:07:17.007 INFO [main] org.apache.catalina.core.AprLifecycleListener.lifecycleEvent The Apache Tomcat Native library which allows using OpenSSL was not found on the java.library.path: [/Users/alim/Library/Java/Extensions:/Library/Java/Extensions:/Network/Library/Java/Extensions:/System/Library/Java/Extensions:/usr/lib/java:.]
30-Jan-2024 04:07:17.722 INFO [main] org.apache.coyote.AbstractProtocol.init Инициализация ProtocolHandler ["http-nio-8080"]
30-Jan-2024 04:07:17.782 INFO [main] org.apache.catalina.startup.Catalina.load Server initialization in [1204] milliseconds
30-Jan-2024 04:07:17.883 INFO [main] org.apache.catalina.core.StandardService.startInternal Starting service [Catalina]
30-Jan-2024 04:07:17.883 INFO [main] org.apache.catalina.core.StandardEngine.startInternal Starting Servlet engine: [Apache Tomcat/10.1.18]
30-Jan-2024 04:07:17.900 INFO [main] org.apache.catalina.startup.HostConfig.deployDescriptor Deploying deployment descriptor [/Users/alim/Desktop/currency-exchange/src/main/webapp/conf/Catalina/localhost/CurrencyExchange.xml]
30-Jan-2024 04:07:19.437 INFO [main] org.apache.jasper.servlet.TldScanner.scanJars At least one JAR was scanned for TLDs yet contained no TLDs. Enable debug logging for this logger for a complete list of JARs that were scanned but no TLDs were found in them. Skipping unneeded JARs during scanning can improve startup time and JSP compilation time.
30-Jan-2024 04:07:21.226 INFO [main] org.apache.catalina.startup.HostConfig.deployDescriptor Deployment of deployment descriptor [/Users/alim/Desktop/currency-exchange/src/main/webapp/conf/Catalina/localhost/CurrencyExchange.xml] has finished in [3 323] ms
30-Jan-2024 04:07:21.233 INFO [main] org.apache.coyote.AbstractProtocol.start Starting ProtocolHandler ["http-nio-8080"]
30-Jan-2024 04:07:21.259 INFO [main] org.apache.catalina.startup.Catalina.start Server startup in [3476] milliseconds
30-Jan-2024 04:08:12.102 INFO [Thread-1] org.apache.coyote.AbstractProtocol.pause Pausing ProtocolHandler ["http-nio-8080"]
30-Jan-2024 04:08:12.108 INFO [Thread-1] org.apache.catalina.core.StandardService.stopInternal Stopping service [Catalina]
30-Jan-2024 04:08:12.135 WARNING [Thread-1] org.apache.catalina.loader.WebappClassLoaderBase.clearReferencesJdbc The web application [CurrencyExchange] registered the JDBC driver [org.sqlite.JDBC] but failed to unregister it when the web application was stopped. To prevent a memory leak, the JDBC Driver has been forcibly unregistered.
30-Jan-2024 04:08:12.154 INFO [Thread-1] org.apache.coyote.AbstractProtocol.stop Stopping ProtocolHandler ["http-nio-8080"]
30-Jan-2024 04:08:12.175 INFO [Thread-1] org.apache.coyote.AbstractProtocol.destroy Destroying ProtocolHandler ["http-nio-8080"]
30-Jan-2024 04:08:18.942 INFO [main] org.apache.catalina.startup.VersionLoggerListener.log Имя версии сервера:    Apache Tomcat/10.1.18
30-Jan-2024 04:08:18.958 INFO [main] org.apache.catalina.startup.VersionLoggerListener.log Сервер собран:         Jan 5 2024 14:39:40 UTC
30-Jan-2024 04:08:18.959 INFO [main] org.apache.catalina.startup.VersionLoggerListener.log Номер версии сервера:  10.1.18.0
30-Jan-2024 04:08:18.959 INFO [main] org.apache.catalina.startup.VersionLoggerListener.log OS Name:               Mac OS X
30-Jan-2024 04:08:18.959 INFO [main] org.apache.catalina.startup.VersionLoggerListener.log Версия ОС:             13.5.2
30-Jan-2024 04:08:18.959 INFO [main] org.apache.catalina.startup.VersionLoggerListener.log Архитектура:           x86_64
30-Jan-2024 04:08:18.960 INFO [main] org.apache.catalina.startup.VersionLoggerListener.log Java Home:             /Users/alim/Library/Java/JavaVirtualMachines/corretto-17.0.9/Contents/Home
30-Jan-2024 04:08:18.960 INFO [main] org.apache.catalina.startup.VersionLoggerListener.log Версия JVM:            17.0.9+8-LTS
30-Jan-2024 04:08:18.960 INFO [main] org.apache.catalina.startup.VersionLoggerListener.log Производитель JVM:     Amazon.com Inc.
30-Jan-2024 04:08:18.961 INFO [main] org.apache.catalina.startup.VersionLoggerListener.log CATALINA_BASE:         /Users/alim/Desktop/currency-exchange/src/main/webapp
30-Jan-2024 04:08:18.962 INFO [main] org.apache.catalina.startup.VersionLoggerListener.log CATALINA_HOME:         /Users/alim/Desktop/apache-tomcat-10.1.18
30-Jan-2024 04:08:18.982 INFO [main] org.apache.catalina.startup.VersionLoggerListener.log Command line argument: --add-opens=java.base/java.lang=ALL-UNNAMED
30-Jan-2024 04:08:18.984 INFO [main] org.apache.catalina.startup.VersionLoggerListener.log Command line argument: --add-opens=java.base/java.io=ALL-UNNAMED
30-Jan-2024 04:08:18.985 INFO [main] org.apache.catalina.startup.VersionLoggerListener.log Command line argument: --add-opens=java.base/java.util=ALL-UNNAMED
30-Jan-2024 04:08:18.985 INFO [main] org.apache.catalina.startup.VersionLoggerListener.log Command line argument: --add-opens=java.base/java.util.concurrent=ALL-UNNAMED
30-Jan-2024 04:08:18.985 INFO [main] org.apache.catalina.startup.VersionLoggerListener.log Command line argument: --add-opens=java.rmi/sun.rmi.transport=ALL-UNNAMED
30-Jan-2024 04:08:18.986 INFO [main] org.apache.catalina.startup.VersionLoggerListener.log Command line argument: -Dcatalina.home=/Users/alim/Desktop/apache-tomcat-10.1.18
30-Jan-2024 04:08:18.986 INFO [main] org.apache.catalina.startup.VersionLoggerListener.log Command line argument: -Dcatalina.base=/Users/alim/Desktop/currency-exchange/src/main/webapp
30-Jan-2024 04:08:18.987 INFO [main] org.apache.catalina.startup.VersionLoggerListener.log Command line argument: -Djava.io.tmpdir=/Users/alim/Desktop/currency-exchange/src/main/webapp/temp
30-Jan-2024 04:08:18.987 INFO [main] org.apache.catalina.startup.VersionLoggerListener.log Command line argument: -Djava.util.logging.config.file=/Users/alim/Desktop/currency-exchange/src/main/webapp/conf/logging.properties
30-Jan-2024 04:08:18.987 INFO [main] org.apache.catalina.startup.VersionLoggerListener.log Command line argument: -Djava.util.logging.manager=org.apache.juli.ClassLoaderLogManager
30-Jan-2024 04:08:18.987 INFO [main] org.apache.catalina.startup.VersionLoggerListener.log Command line argument: -javaagent:/Applications/IntelliJ IDEA.app/Contents/lib/idea_rt.jar=52918:/Applications/IntelliJ IDEA.app/Contents/bin
30-Jan-2024 04:08:18.987 INFO [main] org.apache.catalina.startup.VersionLoggerListener.log Command line argument: -Dfile.encoding=UTF-8
30-Jan-2024 04:08:19.000 INFO [main] org.apache.catalina.core.AprLifecycleListener.lifecycleEvent The Apache Tomcat Native library which allows using OpenSSL was not found on the java.library.path: [/Users/alim/Library/Java/Extensions:/Library/Java/Extensions:/Network/Library/Java/Extensions:/System/Library/Java/Extensions:/usr/lib/java:.]
30-Jan-2024 04:08:19.691 INFO [main] org.apache.coyote.AbstractProtocol.init Инициализация ProtocolHandler ["http-nio-8080"]
30-Jan-2024 04:08:19.753 INFO [main] org.apache.catalina.startup.Catalina.load Server initialization in [1178] milliseconds
30-Jan-2024 04:08:19.837 INFO [main] org.apache.catalina.core.StandardService.startInternal Starting service [Catalina]
30-Jan-2024 04:08:19.838 INFO [main] org.apache.catalina.core.StandardEngine.startInternal Starting Servlet engine: [Apache Tomcat/10.1.18]
30-Jan-2024 04:08:19.860 INFO [main] org.apache.catalina.startup.HostConfig.deployDescriptor Deploying deployment descriptor [/Users/alim/Desktop/currency-exchange/src/main/webapp/conf/Catalina/localhost/CurrencyExchange.xml]
30-Jan-2024 04:08:21.233 INFO [main] org.apache.jasper.servlet.TldScanner.scanJars At least one JAR was scanned for TLDs yet contained no TLDs. Enable debug logging for this logger for a complete list of JARs that were scanned but no TLDs were found in them. Skipping unneeded JARs during scanning can improve startup time and JSP compilation time.
30-Jan-2024 04:08:22.960 INFO [main] org.apache.catalina.startup.HostConfig.deployDescriptor Deployment of deployment descriptor [/Users/alim/Desktop/currency-exchange/src/main/webapp/conf/Catalina/localhost/CurrencyExchange.xml] has finished in [3 098] ms
30-Jan-2024 04:08:22.967 INFO [main] org.apache.coyote.AbstractProtocol.start Starting ProtocolHandler ["http-nio-8080"]
30-Jan-2024 04:08:22.992 INFO [main] org.apache.catalina.startup.Catalina.start Server startup in [3238] milliseconds
30-Jan-2024 04:08:29.024 INFO [Thread-1] org.apache.coyote.AbstractProtocol.pause Pausing ProtocolHandler ["http-nio-8080"]
30-Jan-2024 04:08:29.032 INFO [Thread-1] org.apache.catalina.core.StandardService.stopInternal Stopping service [Catalina]
30-Jan-2024 04:08:29.078 WARNING [Thread-1] org.apache.catalina.loader.WebappClassLoaderBase.clearReferencesJdbc The web application [CurrencyExchange] registered the JDBC driver [org.sqlite.JDBC] but failed to unregister it when the web application was stopped. To prevent a memory leak, the JDBC Driver has been forcibly unregistered.
30-Jan-2024 04:08:29.088 INFO [Thread-1] org.apache.coyote.AbstractProtocol.stop Stopping ProtocolHandler ["http-nio-8080"]
30-Jan-2024 04:08:29.107 INFO [Thread-1] org.apache.coyote.AbstractProtocol.destroy Destroying ProtocolHandler ["http-nio-8080"]
30-Jan-2024 04:09:41.464 INFO [main] org.apache.catalina.startup.VersionLoggerListener.log Имя версии сервера:    Apache Tomcat/10.1.18
30-Jan-2024 04:09:41.478 INFO [main] org.apache.catalina.startup.VersionLoggerListener.log Сервер собран:         Jan 5 2024 14:39:40 UTC
30-Jan-2024 04:09:41.478 INFO [main] org.apache.catalina.startup.VersionLoggerListener.log Номер версии сервера:  10.1.18.0
30-Jan-2024 04:09:41.478 INFO [main] org.apache.catalina.startup.VersionLoggerListener.log OS Name:               Mac OS X
30-Jan-2024 04:09:41.478 INFO [main] org.apache.catalina.startup.VersionLoggerListener.log Версия ОС:             13.5.2
30-Jan-2024 04:09:41.478 INFO [main] org.apache.catalina.startup.VersionLoggerListener.log Архитектура:           x86_64
30-Jan-2024 04:09:41.478 INFO [main] org.apache.catalina.startup.VersionLoggerListener.log Java Home:             /Users/alim/Library/Java/JavaVirtualMachines/corretto-17.0.9/Contents/Home
30-Jan-2024 04:09:41.479 INFO [main] org.apache.catalina.startup.VersionLoggerListener.log Версия JVM:            17.0.9+8-LTS
30-Jan-2024 04:09:41.479 INFO [main] org.apache.catalina.startup.VersionLoggerListener.log Производитель JVM:     Amazon.com Inc.
30-Jan-2024 04:09:41.479 INFO [main] org.apache.catalina.startup.VersionLoggerListener.log CATALINA_BASE:         /Users/alim/Desktop/currency-exchange/src/main/webapp
30-Jan-2024 04:09:41.480 INFO [main] org.apache.catalina.startup.VersionLoggerListener.log CATALINA_HOME:         /Users/alim/Desktop/apache-tomcat-10.1.18
30-Jan-2024 04:09:41.508 INFO [main] org.apache.catalina.startup.VersionLoggerListener.log Command line argument: --add-opens=java.base/java.lang=ALL-UNNAMED
30-Jan-2024 04:09:41.509 INFO [main] org.apache.catalina.startup.VersionLoggerListener.log Command line argument: --add-opens=java.base/java.io=ALL-UNNAMED
30-Jan-2024 04:09:41.509 INFO [main] org.apache.catalina.startup.VersionLoggerListener.log Command line argument: --add-opens=java.base/java.util=ALL-UNNAMED
30-Jan-2024 04:09:41.510 INFO [main] org.apache.catalina.startup.VersionLoggerListener.log Command line argument: --add-opens=java.base/java.util.concurrent=ALL-UNNAMED
30-Jan-2024 04:09:41.510 INFO [main] org.apache.catalina.startup.VersionLoggerListener.log Command line argument: --add-opens=java.rmi/sun.rmi.transport=ALL-UNNAMED
30-Jan-2024 04:09:41.510 INFO [main] org.apache.catalina.startup.VersionLoggerListener.log Command line argument: -Dcatalina.home=/Users/alim/Desktop/apache-tomcat-10.1.18
30-Jan-2024 04:09:41.510 INFO [main] org.apache.catalina.startup.VersionLoggerListener.log Command line argument: -Dcatalina.base=/Users/alim/Desktop/currency-exchange/src/main/webapp
30-Jan-2024 04:09:41.510 INFO [main] org.apache.catalina.startup.VersionLoggerListener.log Command line argument: -Djava.io.tmpdir=/Users/alim/Desktop/currency-exchange/src/main/webapp/temp
30-Jan-2024 04:09:41.510 INFO [main] org.apache.catalina.startup.VersionLoggerListener.log Command line argument: -Djava.util.logging.config.file=/Users/alim/Desktop/currency-exchange/src/main/webapp/conf/logging.properties
30-Jan-2024 04:09:41.510 INFO [main] org.apache.catalina.startup.VersionLoggerListener.log Command line argument: -Djava.util.logging.manager=org.apache.juli.ClassLoaderLogManager
30-Jan-2024 04:09:41.511 INFO [main] org.apache.catalina.startup.VersionLoggerListener.log Command line argument: -javaagent:/Applications/IntelliJ IDEA.app/Contents/lib/idea_rt.jar=53408:/Applications/IntelliJ IDEA.app/Contents/bin
30-Jan-2024 04:09:41.511 INFO [main] org.apache.catalina.startup.VersionLoggerListener.log Command line argument: -Dfile.encoding=UTF-8
30-Jan-2024 04:09:41.524 INFO [main] org.apache.catalina.core.AprLifecycleListener.lifecycleEvent The Apache Tomcat Native library which allows using OpenSSL was not found on the java.library.path: [/Users/alim/Library/Java/Extensions:/Library/Java/Extensions:/Network/Library/Java/Extensions:/System/Library/Java/Extensions:/usr/lib/java:.]
30-Jan-2024 04:09:42.594 INFO [main] org.apache.coyote.AbstractProtocol.init Инициализация ProtocolHandler ["http-nio-8080"]
30-Jan-2024 04:09:42.703 INFO [main] org.apache.catalina.startup.Catalina.load Server initialization in [1616] milliseconds
30-Jan-2024 04:09:42.840 INFO [main] org.apache.catalina.core.StandardService.startInternal Starting service [Catalina]
30-Jan-2024 04:09:42.840 INFO [main] org.apache.catalina.core.StandardEngine.startInternal Starting Servlet engine: [Apache Tomcat/10.1.18]
30-Jan-2024 04:09:42.867 INFO [main] org.apache.catalina.startup.HostConfig.deployDescriptor Deploying deployment descriptor [/Users/alim/Desktop/currency-exchange/src/main/webapp/conf/Catalina/localhost/CurrencyExchange.xml]
30-Jan-2024 04:09:44.410 INFO [main] org.apache.jasper.servlet.TldScanner.scanJars At least one JAR was scanned for TLDs yet contained no TLDs. Enable debug logging for this logger for a complete list of JARs that were scanned but no TLDs were found in them. Skipping unneeded JARs during scanning can improve startup time and JSP compilation time.
30-Jan-2024 04:09:46.093 INFO [main] org.apache.catalina.startup.HostConfig.deployDescriptor Deployment of deployment descriptor [/Users/alim/Desktop/currency-exchange/src/main/webapp/conf/Catalina/localhost/CurrencyExchange.xml] has finished in [3 224] ms
30-Jan-2024 04:09:46.103 INFO [main] org.apache.coyote.AbstractProtocol.start Starting ProtocolHandler ["http-nio-8080"]
30-Jan-2024 04:09:46.127 INFO [main] org.apache.catalina.startup.Catalina.start Server startup in [3423] milliseconds
30-Jan-2024 04:10:47.660 INFO [Thread-1] org.apache.coyote.AbstractProtocol.pause Pausing ProtocolHandler ["http-nio-8080"]
30-Jan-2024 04:10:47.665 INFO [Thread-1] org.apache.catalina.core.StandardService.stopInternal Stopping service [Catalina]
30-Jan-2024 04:10:47.691 WARNING [Thread-1] org.apache.catalina.loader.WebappClassLoaderBase.clearReferencesJdbc The web application [CurrencyExchange] registered the JDBC driver [org.sqlite.JDBC] but failed to unregister it when the web application was stopped. To prevent a memory leak, the JDBC Driver has been forcibly unregistered.
30-Jan-2024 04:10:47.703 INFO [Thread-1] org.apache.coyote.AbstractProtocol.stop Stopping ProtocolHandler ["http-nio-8080"]
30-Jan-2024 04:10:47.717 INFO [Thread-1] org.apache.coyote.AbstractProtocol.destroy Destroying ProtocolHandler ["http-nio-8080"]
30-Jan-2024 04:11:49.134 INFO [main] org.apache.catalina.startup.VersionLoggerListener.log Имя версии сервера:    Apache Tomcat/10.1.18
30-Jan-2024 04:11:49.153 INFO [main] org.apache.catalina.startup.VersionLoggerListener.log Сервер собран:         Jan 5 2024 14:39:40 UTC
30-Jan-2024 04:11:49.154 INFO [main] org.apache.catalina.startup.VersionLoggerListener.log Номер версии сервера:  10.1.18.0
30-Jan-2024 04:11:49.154 INFO [main] org.apache.catalina.startup.VersionLoggerListener.log OS Name:               Mac OS X
30-Jan-2024 04:11:49.155 INFO [main] org.apache.catalina.startup.VersionLoggerListener.log Версия ОС:             13.5.2
30-Jan-2024 04:11:49.155 INFO [main] org.apache.catalina.startup.VersionLoggerListener.log Архитектура:           x86_64
30-Jan-2024 04:11:49.156 INFO [main] org.apache.catalina.startup.VersionLoggerListener.log Java Home:             /Users/alim/Library/Java/JavaVirtualMachines/corretto-17.0.9/Contents/Home
30-Jan-2024 04:11:49.156 INFO [main] org.apache.catalina.startup.VersionLoggerListener.log Версия JVM:            17.0.9+8-LTS
30-Jan-2024 04:11:49.157 INFO [main] org.apache.catalina.startup.VersionLoggerListener.log Производитель JVM:     Amazon.com Inc.
30-Jan-2024 04:11:49.158 INFO [main] org.apache.catalina.startup.VersionLoggerListener.log CATALINA_BASE:         /Users/alim/Desktop/currency-exchange/src/main/webapp
30-Jan-2024 04:11:49.158 INFO [main] org.apache.catalina.startup.VersionLoggerListener.log CATALINA_HOME:         /Users/alim/Desktop/apache-tomcat-10.1.18
30-Jan-2024 04:11:49.189 INFO [main] org.apache.catalina.startup.VersionLoggerListener.log Command line argument: --add-opens=java.base/java.lang=ALL-UNNAMED
30-Jan-2024 04:11:49.189 INFO [main] org.apache.catalina.startup.VersionLoggerListener.log Command line argument: --add-opens=java.base/java.io=ALL-UNNAMED
30-Jan-2024 04:11:49.191 INFO [main] org.apache.catalina.startup.VersionLoggerListener.log Command line argument: --add-opens=java.base/java.util=ALL-UNNAMED
30-Jan-2024 04:11:49.191 INFO [main] org.apache.catalina.startup.VersionLoggerListener.log Command line argument: --add-opens=java.base/java.util.concurrent=ALL-UNNAMED
30-Jan-2024 04:11:49.191 INFO [main] org.apache.catalina.startup.VersionLoggerListener.log Command line argument: --add-opens=java.rmi/sun.rmi.transport=ALL-UNNAMED
30-Jan-2024 04:11:49.193 INFO [main] org.apache.catalina.startup.VersionLoggerListener.log Command line argument: -Dcatalina.home=/Users/alim/Desktop/apache-tomcat-10.1.18
30-Jan-2024 04:11:49.193 INFO [main] org.apache.catalina.startup.VersionLoggerListener.log Command line argument: -Dcatalina.base=/Users/alim/Desktop/currency-exchange/src/main/webapp
30-Jan-2024 04:11:49.193 INFO [main] org.apache.catalina.startup.VersionLoggerListener.log Command line argument: -Djava.io.tmpdir=/Users/alim/Desktop/currency-exchange/src/main/webapp/temp
30-Jan-2024 04:11:49.194 INFO [main] org.apache.catalina.startup.VersionLoggerListener.log Command line argument: -Djava.util.logging.config.file=/Users/alim/Desktop/currency-exchange/src/main/webapp/conf/logging.properties
30-Jan-2024 04:11:49.194 INFO [main] org.apache.catalina.startup.VersionLoggerListener.log Command line argument: -Djava.util.logging.manager=org.apache.juli.ClassLoaderLogManager
30-Jan-2024 04:11:49.194 INFO [main] org.apache.catalina.startup.VersionLoggerListener.log Command line argument: -javaagent:/Applications/IntelliJ IDEA.app/Contents/lib/idea_rt.jar=54232:/Applications/IntelliJ IDEA.app/Contents/bin
30-Jan-2024 04:11:49.194 INFO [main] org.apache.catalina.startup.VersionLoggerListener.log Command line argument: -Dfile.encoding=UTF-8
30-Jan-2024 04:11:49.208 INFO [main] org.apache.catalina.core.AprLifecycleListener.lifecycleEvent The Apache Tomcat Native library which allows using OpenSSL was not found on the java.library.path: [/Users/alim/Library/Java/Extensions:/Library/Java/Extensions:/Network/Library/Java/Extensions:/System/Library/Java/Extensions:/usr/lib/java:.]
30-Jan-2024 04:11:50.228 INFO [main] org.apache.coyote.AbstractProtocol.init Инициализация ProtocolHandler ["http-nio-8080"]
30-Jan-2024 04:11:50.285 INFO [main] org.apache.catalina.startup.Catalina.load Server initialization in [1601] milliseconds
30-Jan-2024 04:11:50.414 INFO [main] org.apache.catalina.core.StandardService.startInternal Starting service [Catalina]
30-Jan-2024 04:11:50.415 INFO [main] org.apache.catalina.core.StandardEngine.startInternal Starting Servlet engine: [Apache Tomcat/10.1.18]
30-Jan-2024 04:11:50.436 INFO [main] org.apache.catalina.startup.HostConfig.deployDescriptor Deploying deployment descriptor [/Users/alim/Desktop/currency-exchange/src/main/webapp/conf/Catalina/localhost/CurrencyExchange.xml]
30-Jan-2024 04:11:51.932 INFO [main] org.apache.jasper.servlet.TldScanner.scanJars At least one JAR was scanned for TLDs yet contained no TLDs. Enable debug logging for this logger for a complete list of JARs that were scanned but no TLDs were found in them. Skipping unneeded JARs during scanning can improve startup time and JSP compilation time.
30-Jan-2024 04:11:53.642 INFO [main] org.apache.catalina.startup.HostConfig.deployDescriptor Deployment of deployment descriptor [/Users/alim/Desktop/currency-exchange/src/main/webapp/conf/Catalina/localhost/CurrencyExchange.xml] has finished in [3 203] ms
30-Jan-2024 04:11:53.648 INFO [main] org.apache.coyote.AbstractProtocol.start Starting ProtocolHandler ["http-nio-8080"]
30-Jan-2024 04:11:53.673 INFO [main] org.apache.catalina.startup.Catalina.start Server startup in [3388] milliseconds
30-Jan-2024 04:12:24.782 INFO [Thread-1] org.apache.coyote.AbstractProtocol.pause Pausing ProtocolHandler ["http-nio-8080"]
30-Jan-2024 04:12:24.787 INFO [Thread-1] org.apache.catalina.core.StandardService.stopInternal Stopping service [Catalina]
30-Jan-2024 04:12:24.809 WARNING [Thread-1] org.apache.catalina.loader.WebappClassLoaderBase.clearReferencesJdbc The web application [CurrencyExchange] registered the JDBC driver [org.sqlite.JDBC] but failed to unregister it when the web application was stopped. To prevent a memory leak, the JDBC Driver has been forcibly unregistered.
30-Jan-2024 04:12:24.818 INFO [Thread-1] org.apache.coyote.AbstractProtocol.stop Stopping ProtocolHandler ["http-nio-8080"]
30-Jan-2024 04:12:24.832 INFO [Thread-1] org.apache.coyote.AbstractProtocol.destroy Destroying ProtocolHandler ["http-nio-8080"]
30-Jan-2024 04:12:31.822 INFO [main] org.apache.catalina.startup.VersionLoggerListener.log Имя версии сервера:    Apache Tomcat/10.1.18
30-Jan-2024 04:12:31.834 INFO [main] org.apache.catalina.startup.VersionLoggerListener.log Сервер собран:         Jan 5 2024 14:39:40 UTC
30-Jan-2024 04:12:31.835 INFO [main] org.apache.catalina.startup.VersionLoggerListener.log Номер версии сервера:  10.1.18.0
30-Jan-2024 04:12:31.835 INFO [main] org.apache.catalina.startup.VersionLoggerListener.log OS Name:               Mac OS X
30-Jan-2024 04:12:31.835 INFO [main] org.apache.catalina.startup.VersionLoggerListener.log Версия ОС:             13.5.2
30-Jan-2024 04:12:31.836 INFO [main] org.apache.catalina.startup.VersionLoggerListener.log Архитектура:           x86_64
30-Jan-2024 04:12:31.836 INFO [main] org.apache.catalina.startup.VersionLoggerListener.log Java Home:             /Users/alim/Library/Java/JavaVirtualMachines/corretto-17.0.9/Contents/Home
30-Jan-2024 04:12:31.836 INFO [main] org.apache.catalina.startup.VersionLoggerListener.log Версия JVM:            17.0.9+8-LTS
30-Jan-2024 04:12:31.836 INFO [main] org.apache.catalina.startup.VersionLoggerListener.log Производитель JVM:     Amazon.com Inc.
30-Jan-2024 04:12:31.836 INFO [main] org.apache.catalina.startup.VersionLoggerListener.log CATALINA_BASE:         /Users/alim/Desktop/currency-exchange/src/main/webapp
30-Jan-2024 04:12:31.836 INFO [main] org.apache.catalina.startup.VersionLoggerListener.log CATALINA_HOME:         /Users/alim/Desktop/apache-tomcat-10.1.18
30-Jan-2024 04:12:31.863 INFO [main] org.apache.catalina.startup.VersionLoggerListener.log Command line argument: --add-opens=java.base/java.lang=ALL-UNNAMED
30-Jan-2024 04:12:31.864 INFO [main] org.apache.catalina.startup.VersionLoggerListener.log Command line argument: --add-opens=java.base/java.io=ALL-UNNAMED
30-Jan-2024 04:12:31.865 INFO [main] org.apache.catalina.startup.VersionLoggerListener.log Command line argument: --add-opens=java.base/java.util=ALL-UNNAMED
30-Jan-2024 04:12:31.865 INFO [main] org.apache.catalina.startup.VersionLoggerListener.log Command line argument: --add-opens=java.base/java.util.concurrent=ALL-UNNAMED
30-Jan-2024 04:12:31.865 INFO [main] org.apache.catalina.startup.VersionLoggerListener.log Command line argument: --add-opens=java.rmi/sun.rmi.transport=ALL-UNNAMED
30-Jan-2024 04:12:31.866 INFO [main] org.apache.catalina.startup.VersionLoggerListener.log Command line argument: -Dcatalina.home=/Users/alim/Desktop/apache-tomcat-10.1.18
30-Jan-2024 04:12:31.866 INFO [main] org.apache.catalina.startup.VersionLoggerListener.log Command line argument: -Dcatalina.base=/Users/alim/Desktop/currency-exchange/src/main/webapp
30-Jan-2024 04:12:31.867 INFO [main] org.apache.catalina.startup.VersionLoggerListener.log Command line argument: -Djava.io.tmpdir=/Users/alim/Desktop/currency-exchange/src/main/webapp/temp
30-Jan-2024 04:12:31.867 INFO [main] org.apache.catalina.startup.VersionLoggerListener.log Command line argument: -Djava.util.logging.config.file=/Users/alim/Desktop/currency-exchange/src/main/webapp/conf/logging.properties
30-Jan-2024 04:12:31.868 INFO [main] org.apache.catalina.startup.VersionLoggerListener.log Command line argument: -Djava.util.logging.manager=org.apache.juli.ClassLoaderLogManager
30-Jan-2024 04:12:31.869 INFO [main] org.apache.catalina.startup.VersionLoggerListener.log Command line argument: -javaagent:/Applications/IntelliJ IDEA.app/Contents/lib/idea_rt.jar=54459:/Applications/IntelliJ IDEA.app/Contents/bin
30-Jan-2024 04:12:31.869 INFO [main] org.apache.catalina.startup.VersionLoggerListener.log Command line argument: -Dfile.encoding=UTF-8
30-Jan-2024 04:12:31.877 INFO [main] org.apache.catalina.core.AprLifecycleListener.lifecycleEvent The Apache Tomcat Native library which allows using OpenSSL was not found on the java.library.path: [/Users/alim/Library/Java/Extensions:/Library/Java/Extensions:/Network/Library/Java/Extensions:/System/Library/Java/Extensions:/usr/lib/java:.]
30-Jan-2024 04:12:32.552 INFO [main] org.apache.coyote.AbstractProtocol.init Инициализация ProtocolHandler ["http-nio-8080"]
30-Jan-2024 04:12:32.607 INFO [main] org.apache.catalina.startup.Catalina.load Server initialization in [1142] milliseconds
30-Jan-2024 04:12:32.696 INFO [main] org.apache.catalina.core.StandardService.startInternal Starting service [Catalina]
30-Jan-2024 04:12:32.696 INFO [main] org.apache.catalina.core.StandardEngine.startInternal Starting Servlet engine: [Apache Tomcat/10.1.18]
30-Jan-2024 04:12:32.722 INFO [main] org.apache.catalina.startup.HostConfig.deployDescriptor Deploying deployment descriptor [/Users/alim/Desktop/currency-exchange/src/main/webapp/conf/Catalina/localhost/CurrencyExchange.xml]
30-Jan-2024 04:12:34.178 INFO [main] org.apache.jasper.servlet.TldScanner.scanJars At least one JAR was scanned for TLDs yet contained no TLDs. Enable debug logging for this logger for a complete list of JARs that were scanned but no TLDs were found in them. Skipping unneeded JARs during scanning can improve startup time and JSP compilation time.
30-Jan-2024 04:12:35.937 INFO [main] org.apache.catalina.startup.HostConfig.deployDescriptor Deployment of deployment descriptor [/Users/alim/Desktop/currency-exchange/src/main/webapp/conf/Catalina/localhost/CurrencyExchange.xml] has finished in [3 213] ms
30-Jan-2024 04:12:35.946 INFO [main] org.apache.coyote.AbstractProtocol.start Starting ProtocolHandler ["http-nio-8080"]
30-Jan-2024 04:12:35.970 INFO [main] org.apache.catalina.startup.Catalina.start Server startup in [3362] milliseconds
30-Jan-2024 04:12:46.808 INFO [Thread-1] org.apache.coyote.AbstractProtocol.pause Pausing ProtocolHandler ["http-nio-8080"]
30-Jan-2024 04:12:46.814 INFO [Thread-1] org.apache.catalina.core.StandardService.stopInternal Stopping service [Catalina]
30-Jan-2024 04:12:46.843 WARNING [Thread-1] org.apache.catalina.loader.WebappClassLoaderBase.clearReferencesJdbc The web application [CurrencyExchange] registered the JDBC driver [org.sqlite.JDBC] but failed to unregister it when the web application was stopped. To prevent a memory leak, the JDBC Driver has been forcibly unregistered.
30-Jan-2024 04:12:46.850 INFO [Thread-1] org.apache.coyote.AbstractProtocol.stop Stopping ProtocolHandler ["http-nio-8080"]
30-Jan-2024 04:12:46.872 INFO [Thread-1] org.apache.coyote.AbstractProtocol.destroy Destroying ProtocolHandler ["http-nio-8080"]
30-Jan-2024 04:45:14.624 INFO [main] org.apache.catalina.startup.VersionLoggerListener.log Имя версии сервера:    Apache Tomcat/10.1.18
30-Jan-2024 04:45:14.635 INFO [main] org.apache.catalina.startup.VersionLoggerListener.log Сервер собран:         Jan 5 2024 14:39:40 UTC
30-Jan-2024 04:45:14.636 INFO [main] org.apache.catalina.startup.VersionLoggerListener.log Номер версии сервера:  10.1.18.0
30-Jan-2024 04:45:14.637 INFO [main] org.apache.catalina.startup.VersionLoggerListener.log OS Name:               Mac OS X
30-Jan-2024 04:45:14.637 INFO [main] org.apache.catalina.startup.VersionLoggerListener.log Версия ОС:             13.5.2
30-Jan-2024 04:45:14.637 INFO [main] org.apache.catalina.startup.VersionLoggerListener.log Архитектура:           x86_64
30-Jan-2024 04:45:14.637 INFO [main] org.apache.catalina.startup.VersionLoggerListener.log Java Home:             /Users/alim/Library/Java/JavaVirtualMachines/corretto-17.0.9/Contents/Home
30-Jan-2024 04:45:14.637 INFO [main] org.apache.catalina.startup.VersionLoggerListener.log Версия JVM:            17.0.9+8-LTS
30-Jan-2024 04:45:14.638 INFO [main] org.apache.catalina.startup.VersionLoggerListener.log Производитель JVM:     Amazon.com Inc.
30-Jan-2024 04:45:14.638 INFO [main] org.apache.catalina.startup.VersionLoggerListener.log CATALINA_BASE:         /Users/alim/Desktop/currency-exchange/src/main/webapp
30-Jan-2024 04:45:14.639 INFO [main] org.apache.catalina.startup.VersionLoggerListener.log CATALINA_HOME:         /Users/alim/Desktop/apache-tomcat-10.1.18
30-Jan-2024 04:45:14.657 INFO [main] org.apache.catalina.startup.VersionLoggerListener.log Command line argument: --add-opens=java.base/java.lang=ALL-UNNAMED
30-Jan-2024 04:45:14.657 INFO [main] org.apache.catalina.startup.VersionLoggerListener.log Command line argument: --add-opens=java.base/java.io=ALL-UNNAMED
30-Jan-2024 04:45:14.657 INFO [main] org.apache.catalina.startup.VersionLoggerListener.log Command line argument: --add-opens=java.base/java.util=ALL-UNNAMED
30-Jan-2024 04:45:14.657 INFO [main] org.apache.catalina.startup.VersionLoggerListener.log Command line argument: --add-opens=java.base/java.util.concurrent=ALL-UNNAMED
30-Jan-2024 04:45:14.657 INFO [main] org.apache.catalina.startup.VersionLoggerListener.log Command line argument: --add-opens=java.rmi/sun.rmi.transport=ALL-UNNAMED
30-Jan-2024 04:45:14.658 INFO [main] org.apache.catalina.startup.VersionLoggerListener.log Command line argument: -Dcatalina.home=/Users/alim/Desktop/apache-tomcat-10.1.18
30-Jan-2024 04:45:14.658 INFO [main] org.apache.catalina.startup.VersionLoggerListener.log Command line argument: -Dcatalina.base=/Users/alim/Desktop/currency-exchange/src/main/webapp
30-Jan-2024 04:45:14.658 INFO [main] org.apache.catalina.startup.VersionLoggerListener.log Command line argument: -Djava.io.tmpdir=/Users/alim/Desktop/currency-exchange/src/main/webapp/temp
30-Jan-2024 04:45:14.658 INFO [main] org.apache.catalina.startup.VersionLoggerListener.log Command line argument: -Djava.util.logging.config.file=/Users/alim/Desktop/currency-exchange/src/main/webapp/conf/logging.properties
30-Jan-2024 04:45:14.659 INFO [main] org.apache.catalina.startup.VersionLoggerListener.log Command line argument: -Djava.util.logging.manager=org.apache.juli.ClassLoaderLogManager
30-Jan-2024 04:45:14.659 INFO [main] org.apache.catalina.startup.VersionLoggerListener.log Command line argument: -javaagent:/Applications/IntelliJ IDEA.app/Contents/lib/idea_rt.jar=64939:/Applications/IntelliJ IDEA.app/Contents/bin
30-Jan-2024 04:45:14.659 INFO [main] org.apache.catalina.startup.VersionLoggerListener.log Command line argument: -Dfile.encoding=UTF-8
30-Jan-2024 04:45:14.671 INFO [main] org.apache.catalina.core.AprLifecycleListener.lifecycleEvent The Apache Tomcat Native library which allows using OpenSSL was not found on the java.library.path: [/Users/alim/Library/Java/Extensions:/Library/Java/Extensions:/Network/Library/Java/Extensions:/System/Library/Java/Extensions:/usr/lib/java:.]
30-Jan-2024 04:45:15.365 INFO [main] org.apache.coyote.AbstractProtocol.init Инициализация ProtocolHandler ["http-nio-8080"]
30-Jan-2024 04:45:15.457 INFO [main] org.apache.catalina.startup.Catalina.load Server initialization in [1220] milliseconds
30-Jan-2024 04:45:15.563 INFO [main] org.apache.catalina.core.StandardService.startInternal Starting service [Catalina]
30-Jan-2024 04:45:15.564 INFO [main] org.apache.catalina.core.StandardEngine.startInternal Starting Servlet engine: [Apache Tomcat/10.1.18]
30-Jan-2024 04:45:15.589 INFO [main] org.apache.catalina.startup.HostConfig.deployDescriptor Deploying deployment descriptor [/Users/alim/Desktop/currency-exchange/src/main/webapp/conf/Catalina/localhost/CurrencyExchange.xml]
30-Jan-2024 04:45:16.993 INFO [main] org.apache.jasper.servlet.TldScanner.scanJars At least one JAR was scanned for TLDs yet contained no TLDs. Enable debug logging for this logger for a complete list of JARs that were scanned but no TLDs were found in them. Skipping unneeded JARs during scanning can improve startup time and JSP compilation time.
30-Jan-2024 04:45:18.727 INFO [main] org.apache.catalina.startup.HostConfig.deployDescriptor Deployment of deployment descriptor [/Users/alim/Desktop/currency-exchange/src/main/webapp/conf/Catalina/localhost/CurrencyExchange.xml] has finished in [3 135] ms
30-Jan-2024 04:45:18.733 INFO [main] org.apache.coyote.AbstractProtocol.start Starting ProtocolHandler ["http-nio-8080"]
30-Jan-2024 04:45:18.759 INFO [main] org.apache.catalina.startup.Catalina.start Server startup in [3300] milliseconds
30-Jan-2024 04:46:42.541 INFO [Thread-1] org.apache.coyote.AbstractProtocol.pause Pausing ProtocolHandler ["http-nio-8080"]
30-Jan-2024 04:46:42.545 INFO [Thread-1] org.apache.catalina.core.StandardService.stopInternal Stopping service [Catalina]
30-Jan-2024 04:46:42.558 WARNING [Thread-1] org.apache.catalina.loader.WebappClassLoaderBase.clearReferencesJdbc The web application [CurrencyExchange] registered the JDBC driver [org.sqlite.JDBC] but failed to unregister it when the web application was stopped. To prevent a memory leak, the JDBC Driver has been forcibly unregistered.
30-Jan-2024 04:46:42.567 INFO [Thread-1] org.apache.coyote.AbstractProtocol.stop Stopping ProtocolHandler ["http-nio-8080"]
30-Jan-2024 04:46:42.585 INFO [Thread-1] org.apache.coyote.AbstractProtocol.destroy Destroying ProtocolHandler ["http-nio-8080"]
30-Jan-2024 04:47:02.405 INFO [main] org.apache.catalina.startup.VersionLoggerListener.log Имя версии сервера:    Apache Tomcat/10.1.18
30-Jan-2024 04:47:02.418 INFO [main] org.apache.catalina.startup.VersionLoggerListener.log Сервер собран:         Jan 5 2024 14:39:40 UTC
30-Jan-2024 04:47:02.419 INFO [main] org.apache.catalina.startup.VersionLoggerListener.log Номер версии сервера:  10.1.18.0
30-Jan-2024 04:47:02.419 INFO [main] org.apache.catalina.startup.VersionLoggerListener.log OS Name:               Mac OS X
30-Jan-2024 04:47:02.420 INFO [main] org.apache.catalina.startup.VersionLoggerListener.log Версия ОС:             13.5.2
30-Jan-2024 04:47:02.420 INFO [main] org.apache.catalina.startup.VersionLoggerListener.log Архитектура:           x86_64
30-Jan-2024 04:47:02.420 INFO [main] org.apache.catalina.startup.VersionLoggerListener.log Java Home:             /Users/alim/Library/Java/JavaVirtualMachines/corretto-17.0.9/Contents/Home
30-Jan-2024 04:47:02.420 INFO [main] org.apache.catalina.startup.VersionLoggerListener.log Версия JVM:            17.0.9+8-LTS
30-Jan-2024 04:47:02.420 INFO [main] org.apache.catalina.startup.VersionLoggerListener.log Производитель JVM:     Amazon.com Inc.
30-Jan-2024 04:47:02.420 INFO [main] org.apache.catalina.startup.VersionLoggerListener.log CATALINA_BASE:         /Users/alim/Desktop/currency-exchange/src/main/webapp
30-Jan-2024 04:47:02.421 INFO [main] org.apache.catalina.startup.VersionLoggerListener.log CATALINA_HOME:         /Users/alim/Desktop/apache-tomcat-10.1.18
30-Jan-2024 04:47:02.446 INFO [main] org.apache.catalina.startup.VersionLoggerListener.log Command line argument: --add-opens=java.base/java.lang=ALL-UNNAMED
30-Jan-2024 04:47:02.448 INFO [main] org.apache.catalina.startup.VersionLoggerListener.log Command line argument: --add-opens=java.base/java.io=ALL-UNNAMED
30-Jan-2024 04:47:02.449 INFO [main] org.apache.catalina.startup.VersionLoggerListener.log Command line argument: --add-opens=java.base/java.util=ALL-UNNAMED
30-Jan-2024 04:47:02.449 INFO [main] org.apache.catalina.startup.VersionLoggerListener.log Command line argument: --add-opens=java.base/java.util.concurrent=ALL-UNNAMED
30-Jan-2024 04:47:02.449 INFO [main] org.apache.catalina.startup.VersionLoggerListener.log Command line argument: --add-opens=java.rmi/sun.rmi.transport=ALL-UNNAMED
30-Jan-2024 04:47:02.449 INFO [main] org.apache.catalina.startup.VersionLoggerListener.log Command line argument: -Dcatalina.home=/Users/alim/Desktop/apache-tomcat-10.1.18
30-Jan-2024 04:47:02.449 INFO [main] org.apache.catalina.startup.VersionLoggerListener.log Command line argument: -Dcatalina.base=/Users/alim/Desktop/currency-exchange/src/main/webapp
30-Jan-2024 04:47:02.450 INFO [main] org.apache.catalina.startup.VersionLoggerListener.log Command line argument: -Djava.io.tmpdir=/Users/alim/Desktop/currency-exchange/src/main/webapp/temp
30-Jan-2024 04:47:02.451 INFO [main] org.apache.catalina.startup.VersionLoggerListener.log Command line argument: -Djava.util.logging.config.file=/Users/alim/Desktop/currency-exchange/src/main/webapp/conf/logging.properties
30-Jan-2024 04:47:02.453 INFO [main] org.apache.catalina.startup.VersionLoggerListener.log Command line argument: -Djava.util.logging.manager=org.apache.juli.ClassLoaderLogManager
30-Jan-2024 04:47:02.455 INFO [main] org.apache.catalina.startup.VersionLoggerListener.log Command line argument: -javaagent:/Applications/IntelliJ IDEA.app/Contents/lib/idea_rt.jar=65470:/Applications/IntelliJ IDEA.app/Contents/bin
30-Jan-2024 04:47:02.455 INFO [main] org.apache.catalina.startup.VersionLoggerListener.log Command line argument: -Dfile.encoding=UTF-8
30-Jan-2024 04:47:02.464 INFO [main] org.apache.catalina.core.AprLifecycleListener.lifecycleEvent The Apache Tomcat Native library which allows using OpenSSL was not found on the java.library.path: [/Users/alim/Library/Java/Extensions:/Library/Java/Extensions:/Network/Library/Java/Extensions:/System/Library/Java/Extensions:/usr/lib/java:.]
30-Jan-2024 04:47:03.543 INFO [main] org.apache.coyote.AbstractProtocol.init Инициализация ProtocolHandler ["http-nio-8080"]
30-Jan-2024 04:47:03.643 INFO [main] org.apache.catalina.startup.Catalina.load Server initialization in [1637] milliseconds
30-Jan-2024 04:47:03.768 INFO [main] org.apache.catalina.core.StandardService.startInternal Starting service [Catalina]
30-Jan-2024 04:47:03.769 INFO [main] org.apache.catalina.core.StandardEngine.startInternal Starting Servlet engine: [Apache Tomcat/10.1.18]
30-Jan-2024 04:47:03.791 INFO [main] org.apache.catalina.startup.HostConfig.deployDescriptor Deploying deployment descriptor [/Users/alim/Desktop/currency-exchange/src/main/webapp/conf/Catalina/localhost/CurrencyExchange.xml]
30-Jan-2024 04:47:05.309 INFO [main] org.apache.jasper.servlet.TldScanner.scanJars At least one JAR was scanned for TLDs yet contained no TLDs. Enable debug logging for this logger for a complete list of JARs that were scanned but no TLDs were found in them. Skipping unneeded JARs during scanning can improve startup time and JSP compilation time.
30-Jan-2024 04:47:07.067 INFO [main] org.apache.catalina.startup.HostConfig.deployDescriptor Deployment of deployment descriptor [/Users/alim/Desktop/currency-exchange/src/main/webapp/conf/Catalina/localhost/CurrencyExchange.xml] has finished in [3 273] ms
30-Jan-2024 04:47:07.075 INFO [main] org.apache.coyote.AbstractProtocol.start Starting ProtocolHandler ["http-nio-8080"]
30-Jan-2024 04:47:07.101 INFO [main] org.apache.catalina.startup.Catalina.start Server startup in [3458] milliseconds
30-Jan-2024 04:49:56.707 INFO [Thread-1] org.apache.coyote.AbstractProtocol.pause Pausing ProtocolHandler ["http-nio-8080"]
30-Jan-2024 04:49:56.724 INFO [Thread-1] org.apache.catalina.core.StandardService.stopInternal Stopping service [Catalina]
30-Jan-2024 04:49:56.745 WARNING [Thread-1] org.apache.catalina.loader.WebappClassLoaderBase.clearReferencesJdbc The web application [CurrencyExchange] registered the JDBC driver [org.sqlite.JDBC] but failed to unregister it when the web application was stopped. To prevent a memory leak, the JDBC Driver has been forcibly unregistered.
30-Jan-2024 04:49:56.757 INFO [Thread-1] org.apache.coyote.AbstractProtocol.stop Stopping ProtocolHandler ["http-nio-8080"]
30-Jan-2024 04:49:56.779 INFO [Thread-1] org.apache.coyote.AbstractProtocol.destroy Destroying ProtocolHandler ["http-nio-8080"]
